\BOOKMARK [1][-]{section.1}{\376\377\000T\000e\000c\000h\000n\000i\000c\000a\000l\000\040\000S\000k\000i\000l\000l\000s}{}% 1
\BOOKMARK [2][-]{subsection.1.1}{\376\377\000L\000a\000n\000g\000u\000a\000g\000e\000s\000:}{section.1}% 2
\BOOKMARK [2][-]{subsection.1.2}{\376\377\000L\000i\000b\000r\000a\000r\000i\000e\000s\000\040\000\046\000\040\000F\000r\000a\000m\000e\000w\000o\000r\000k\000s\000:}{section.1}% 3
\BOOKMARK [2][-]{subsection.1.3}{\376\377\000T\000e\000c\000h\000n\000o\000l\000o\000g\000i\000e\000s\000:}{section.1}% 4
\BOOKMARK [2][-]{subsection.1.4}{\376\377\000T\000o\000o\000l\000s\000:}{section.1}% 5
\BOOKMARK [2][-]{subsection.1.5}{\376\377\000M\000e\000t\000h\000o\000d\000o\000l\000o\000g\000i\000e\000s\000:}{section.1}% 6
\BOOKMARK [2][-]{subsection.1.6}{\376\377\000M\000a\000r\000k\000u\000p\000:}{section.1}% 7
\BOOKMARK [1][-]{section.2}{\376\377\000E\000x\000p\000e\000r\000i\000e\000n\000c\000e}{}% 8
\BOOKMARK [2][-]{subsection.2.1}{\376\377\000W\000e\000b\000m\000a\000s\000t\000e\000r\000\040\000o\000f\000\040\000H\000u\000l\000l\000C\000S\000S\000:}{section.2}% 9
\BOOKMARK [1][-]{section.3}{\376\377\000E\000d\000u\000c\000a\000t\000i\000o\000n}{}% 10
\BOOKMARK [2][-]{subsection.3.1}{\376\377\000U\000n\000i\000v\000e\000r\000s\000i\000t\000y\000\040\000o\000f\000\040\000H\000u\000l\000l\000:}{section.3}% 11
\BOOKMARK [3][-]{subsubsection.3.1.1}{\376\377\000C\000o\000m\000p\000u\000t\000e\000r\000\040\000S\000c\000i\000e\000n\000c\000e\000\040\000B\000S\000c\000\040\000\050\000H\000o\000n\000s\000\051\000\040\000w\000i\000t\000h\000\040\000i\000n\000d\000u\000s\000t\000r\000u\000a\000l\000\040\000p\000l\000a\000c\000e\000m\000e\000n\000t}{subsection.3.1}% 12
\BOOKMARK [2][-]{subsection.3.2}{\376\377\000H\000a\000b\000e\000r\000d\000a\000s\000h\000e\000r\000s\000\040\000H\000a\000t\000c\000h\000a\000m\000:}{section.3}% 13
\BOOKMARK [3][-]{subsubsection.3.2.1}{\376\377\000A\000-\000L\000e\000v\000e\000l\000s\000:\000\040\000C\000o\000m\000p\000u\000t\000e\000r\000\040\000S\000c\000i\000e\000n\000c\000e\000,\000\040\000M\000a\000t\000h\000s\000,\000\040\000P\000h\000y\000s\000i\000c\000s\000,\000\040\000F\000u\000r\000t\000h\000e\000r\000\040\000M\000a\000t\000h\000s}{subsection.3.2}% 14
\BOOKMARK [1][-]{section.4}{\376\377\000P\000r\000o\000j\000e\000c\000t\000s}{}% 15
\BOOKMARK [2][-]{subsection.4.1}{\376\377\000P\000i\000e\000r\000c\000e\000M\000C}{section.4}% 16
\BOOKMARK [3][-]{subsubsection.4.1.1}{\376\377\000h\000t\000t\000p\000s\000:\000/\000/\000g\000i\000t\000h\000u\000b\000.\000c\000o\000m\000/\000P\000i\000e\000r\000c\000e\000S\000M\000P}{subsection.4.1}% 17
\BOOKMARK [2][-]{subsection.4.2}{\376\377\000P\000e\000r\000s\000o\000n\000a\000l\000\040\000W\000e\000b\000s\000i\000t\000e}{section.4}% 18
\BOOKMARK [3][-]{subsubsection.4.2.1}{\376\377\000h\000t\000t\000p\000s\000:\000/\000/\000a\000s\000h\000e\000n\000t\000w\000i\000s\000l\000e\000.\000c\000o\000m}{subsection.4.2}% 19
\BOOKMARK [2][-]{subsection.4.3}{\376\377\000N\000e\000t\000t\000e\000r\000!}{section.4}% 20
\BOOKMARK [3][-]{subsubsection.4.3.1}{\376\377\000h\000t\000t\000p\000s\000:\000/\000/\000g\000i\000t\000h\000u\000b\000.\000c\000o\000m\000/\000n\000e\000t\000t\000e\000r\000a\000p\000p}{subsection.4.3}% 21
\BOOKMARK [2][-]{subsection.4.4}{\376\377\000O\000p\000e\000n\000B\000o\000t}{section.4}% 22
\BOOKMARK [3][-]{subsubsection.4.4.1}{\376\377\000h\000t\000t\000p\000s\000:\000/\000/\000g\000i\000t\000h\000u\000b\000.\000c\000o\000m\000/\000a\000s\000h\000-\000e\000n\000t\000w\000i\000s\000l\000e\000/\000o\000p\000e\000n\000b\000o\000t}{subsection.4.4}% 23
\BOOKMARK [2][-]{subsection.4.5}{\376\377\000L\000a\000z\000y\000L\000i\000n\000k}{section.4}% 24
\BOOKMARK [3][-]{subsubsection.4.5.1}{\376\377\000h\000t\000t\000p\000s\000:\000/\000/\000d\000e\000m\000o\000.\000l\000a\000z\000y\000l\000i\000n\000k\000.\000d\000e\000v}{subsection.4.5}% 25
\BOOKMARK [2][-]{subsection.4.6}{\376\377\000H\000o\000m\000e\000l\000a\000b}{section.4}% 26
\BOOKMARK [3][-]{subsubsection.4.6.1}{\376\377\000h\000t\000t\000p\000s\000:\000/\000/\000a\000s\000h\000e\000n\000t\000w\000i\000s\000l\000e\000.\000c\000o\000m\000/\000p\000o\000s\000t\000s\000/\000h\000o\000m\000e\000l\000a\000b}{subsection.4.6}% 27
